<?xml version="1.0" encoding="UTF-8"?>
<testsuite name="helloJava.helloJava.HelloJavaApplicationTests" tests="1" skipped="0" failures="0" errors="0" timestamp="2022-11-30T07:31:04" hostname="DESKTOP-OFEF768" time="0.412">
  <properties/>
  <testcase name="contextLoads()" classname="helloJava.helloJava.HelloJavaApplicationTests" time="0.412"/>
  <system-out><![CDATA[16:31:02.232 [Test worker] DEBUG org.springframework.boot.test.context.SpringBootTestContextBootstrapper - Neither @ContextConfiguration nor @ContextHierarchy found for test class [HelloJavaApplicationTests]: using SpringBootContextLoader
16:31:02.237 [Test worker] DEBUG org.springframework.test.context.support.AbstractContextLoader - Could not detect default resource locations for test class [helloJava.helloJava.HelloJavaApplicationTests]: no resource found for suffixes {-context.xml, Context.groovy}.
16:31:02.238 [Test worker] INFO org.springframework.test.context.support.AnnotationConfigContextLoaderUtils - Could not detect default configuration classes for test class [helloJava.helloJava.HelloJavaApplicationTests]: HelloJavaApplicationTests does not declare any static, non-private, non-final, nested classes annotated with @Configuration.
16:31:02.262 [Test worker] DEBUG org.springframework.boot.test.context.SpringBootTestContextBootstrapper - Using ContextCustomizers for test class [HelloJavaApplicationTests]: [DisableObservabilityContextCustomizer, PropertyMappingContextCustomizer, Customizer, ExcludeFilterContextCustomizer, DuplicateJsonObjectContextCustomizer, MockitoContextCustomizer, TestRestTemplateContextCustomizer]
16:31:02.340 [Test worker] DEBUG org.springframework.context.annotation.ClassPathScanningCandidateComponentProvider - Identified candidate component class: file [C:\Users\user\CODE\sesac2\Spring\helloJava\build\classes\java\main\helloJava\helloJava\HelloJavaApplication.class]
16:31:02.341 [Test worker] INFO org.springframework.boot.test.context.SpringBootTestContextBootstrapper - Found @SpringBootConfiguration helloJava.helloJava.HelloJavaApplication for test class helloJava.helloJava.HelloJavaApplicationTests
16:31:02.596 [Test worker] DEBUG org.springframework.test.context.util.TestContextSpringFactoriesUtils - Skipping candidate TestExecutionListener [org.springframework.test.context.transaction.TransactionalTestExecutionListener] due to a missing dependency. Specify custom TestExecutionListener classes or make the default TestExecutionListener classes and their required dependencies available. Offending class: [org/springframework/transaction/interceptor/TransactionAttributeSource]
16:31:02.598 [Test worker] DEBUG org.springframework.test.context.util.TestContextSpringFactoriesUtils - Skipping candidate TestExecutionListener [org.springframework.test.context.jdbc.SqlScriptsTestExecutionListener] due to a missing dependency. Specify custom TestExecutionListener classes or make the default TestExecutionListener classes and their required dependencies available. Offending class: [org/springframework/transaction/interceptor/TransactionAttribute]
16:31:02.599 [Test worker] DEBUG org.springframework.boot.test.context.SpringBootTestContextBootstrapper - Using TestExecutionListeners for test class [HelloJavaApplicationTests]: [ServletTestExecutionListener, DirtiesContextBeforeModesTestExecutionListener, ApplicationEventsTestExecutionListener, MockitoTestExecutionListener, DependencyInjectionTestExecutionListener, DirtiesContextTestExecutionListener, EventPublishingTestExecutionListener, RestDocsTestExecutionListener, MockRestServiceServerResetTestExecutionListener, MockMvcPrintOnlyOnFailureTestExecutionListener, WebDriverTestExecutionListener, MockWebServiceServerTestExecutionListener, ResetMocksTestExecutionListener]
16:31:02.600 [Test worker] DEBUG org.springframework.test.context.support.AbstractDirtiesContextTestExecutionListener - Before test class: class [HelloJavaApplicationTests], class annotated with @DirtiesContext [false] with mode [null]

  .   ____          _            __ _ _
 /\\ / ___'_ __ _ _(_)_ __  __ _ \ \ \ \
( ( )\___ | '_ | '_| | '_ \/ _` | \ \ \ \
 \\/  ___)| |_)| | | | | || (_| |  ) ) ) )
  '  |____| .__|_| |_|_| |_\__, | / / / /
 =========|_|==============|___/=/_/_/_/
 :: Spring Boot ::                (v3.0.0)

2022-11-30T16:31:02.938+09:00  INFO 13512 --- [    Test worker] h.helloJava.HelloJavaApplicationTests    : Starting HelloJavaApplicationTests using Java 17.0.5 with PID 13512 (started by user in C:\Users\user\CODE\sesac2\Spring\helloJava)
2022-11-30T16:31:02.938+09:00  INFO 13512 --- [    Test worker] h.helloJava.HelloJavaApplicationTests    : No active profile set, falling back to 1 default profile: "default"
2022-11-30T16:31:03.944+09:00  INFO 13512 --- [    Test worker] o.s.b.a.w.s.WelcomePageHandlerMapping    : Adding welcome page: class path resource [static/index.html]
2022-11-30T16:31:04.154+09:00  INFO 13512 --- [    Test worker] h.helloJava.HelloJavaApplicationTests    : Started HelloJavaApplicationTests in 1.499 seconds (process running for 2.754)
]]></system-out>
  <system-err><![CDATA[]]></system-err>
</testsuite>
